<?xml version="1.0" encoding="UTF-8"?>
<!-- Generated by org.testng.reporters.JUnitXMLReporter -->
<testsuite hostname="ATMECSINLT-033" ignored="0" name="Test" tests="1" failures="1" timestamp="06 Nov 2019 07:36:03 GMT" time="0.047" errors="0">
  <testcase name="base" time="0.0" classname="com.atmecs.dynamic.Testng">
    <failure type="org.testng.TestNGException" message="
Method public void com.atmecs.dynamic.Testng.base(java.lang.String,java.lang.String) throws java.io.IOException requires a @DataProvider named : classname in class org.testng.annotations.DataProvider">
      <![CDATA[org.testng.TestNGException: 
... Removed 23 stack frames]]>
    </failure>
  </testcase> <!-- base -->
</testsuite> <!-- Test -->
