<?xml version="1.0" encoding="UTF-8"?>
<testng-results skipped="0" failed="1" ignored="0" total="1" passed="0">
  <reporter-output>
    <line>
      <![CDATA[Assertion for mensmarchandise done]]>
    </line>
    <line>
      <![CDATA[assertion passed product name]]>
    </line>
    <line>
      <![CDATA[Assertion passed for shirt size]]>
    </line>
    <line>
      <![CDATA[Assertion passed for nameInCart]]>
    </line>
    <line>
      <![CDATA[Assertion passed for shirtColour]]>
    </line>
    <line>
      <![CDATA[Assertion passed for updated price]]>
    </line>
    <line>
      <![CDATA[Assertion passed for updated price]]>
    </line>
  </reporter-output>
  <suite name="Default suite" duration-ms="25382" started-at="2019-11-08T15:42:31Z" finished-at="2019-11-08T15:42:56Z">
    <groups>
    </groups>
    <test name="Default test" duration-ms="25382" started-at="2019-11-08T15:42:31Z" finished-at="2019-11-08T15:42:56Z">
      <class name="com.atmecs.scripts.HeatClinic">
        <test-method status="PASS" signature="intitailizeBrowser()[pri:0, instance:com.atmecs.scripts.HeatClinic@3abbfa04]" name="intitailizeBrowser" is-config="true" duration-ms="6391" started-at="2019-11-08T15:42:31Z" finished-at="2019-11-08T15:42:37Z">
          <reporter-output>
          </reporter-output>
        </test-method> <!-- intitailizeBrowser -->
        <test-method status="PASS" signature="urlqw()[pri:0, instance:com.atmecs.scripts.HeatClinic@3abbfa04]" name="urlqw" is-config="true" duration-ms="5082" started-at="2019-11-08T15:42:37Z" finished-at="2019-11-08T15:42:42Z">
          <reporter-output>
          </reporter-output>
        </test-method> <!-- urlqw -->
        <test-method status="FAIL" signature="menuTravelTest(java.lang.String, java.lang.String, java.lang.String, java.lang.String, java.lang.String, java.lang.String, java.lang.String, java.lang.String, java.lang.String, java.lang.String)[pri:1, instance:com.atmecs.scripts.HeatClinic@3abbfa04]" name="menuTravelTest" duration-ms="13010" started-at="2019-11-08T15:42:43Z" data-provider="logindata" finished-at="2019-11-08T15:42:56Z">
          <params>
            <param index="0">
              <value>
                <![CDATA[Viewing Mens (1 - 3 of 3)]]>
              </value>
            </param>
            <param index="1">
              <value>
                <![CDATA[rishav]]>
              </value>
            </param>
            <param index="2">
              <value>
                <![CDATA[]]>
              </value>
            </param>
            <param index="3">
              <value>
                <![CDATA[Shirt Size: M]]>
              </value>
            </param>
            <param index="4">
              <value>
                <![CDATA[Personalized Name: rishav]]>
              </value>
            </param>
            <param index="5">
              <value>
                <![CDATA[Personalized Name: rishav]]>
              </value>
            </param>
            <param index="6">
              <value>
                <![CDATA[2]]>
              </value>
            </param>
            <param index="7">
              <value>
                <![CDATA[14.99]]>
              </value>
            </param>
            <param index="8">
              <value>
                <![CDATA[14.99]]>
              </value>
            </param>
            <param index="9">
              <value>
                <![CDATA[29.98]]>
              </value>
            </param>
          </params>
          <exception class="org.openqa.selenium.StaleElementReferenceException">
            <message>
              <![CDATA[stale element reference: element is not attached to the page document
  (Session info: chrome=78.0.3904.87)
For documentation on this error, please visit: https://www.seleniumhq.org/exceptions/stale_element_reference.html
Build info: version: '3.141.59', revision: 'e82be7d358', time: '2018-11-14T08:17:03'
System info: host: 'ATMECSINLT-033', ip: '55.55.52.127', os.name: 'Windows 10', os.arch: 'amd64', os.version: '10.0', java.version: '1.8.0_221'
Driver info: org.openqa.selenium.chrome.ChromeDriver
Capabilities {acceptInsecureCerts: false, browserName: chrome, browserVersion: 78.0.3904.87, chrome: {chromedriverVersion: 78.0.3904.70 (edb9c9f3de024..., userDataDir: C:\Users\RISHAV~1.KUM\AppDa...}, goog:chromeOptions: {debuggerAddress: localhost:60870}, javascriptEnabled: true, networkConnectionEnabled: false, pageLoadStrategy: normal, platform: XP, platformName: XP, proxy: Proxy(), setWindowRect: true, strictFileInteractability: false, timeouts: {implicit: 0, pageLoad: 300000, script: 30000}, unhandledPromptBehavior: dismiss and notify}
Session ID: 8e2903e58f192ed92161a9020f127ae2]]>
            </message>
            <full-stacktrace>
              <![CDATA[org.openqa.selenium.StaleElementReferenceException: stale element reference: element is not attached to the page document
  (Session info: chrome=78.0.3904.87)
For documentation on this error, please visit: https://www.seleniumhq.org/exceptions/stale_element_reference.html
Build info: version: '3.141.59', revision: 'e82be7d358', time: '2018-11-14T08:17:03'
System info: host: 'ATMECSINLT-033', ip: '55.55.52.127', os.name: 'Windows 10', os.arch: 'amd64', os.version: '10.0', java.version: '1.8.0_221'
Driver info: org.openqa.selenium.chrome.ChromeDriver
Capabilities {acceptInsecureCerts: false, browserName: chrome, browserVersion: 78.0.3904.87, chrome: {chromedriverVersion: 78.0.3904.70 (edb9c9f3de024..., userDataDir: C:\Users\RISHAV~1.KUM\AppDa...}, goog:chromeOptions: {debuggerAddress: localhost:60870}, javascriptEnabled: true, networkConnectionEnabled: false, pageLoadStrategy: normal, platform: XP, platformName: XP, proxy: Proxy(), setWindowRect: true, strictFileInteractability: false, timeouts: {implicit: 0, pageLoad: 300000, script: 30000}, unhandledPromptBehavior: dismiss and notify}
Session ID: 8e2903e58f192ed92161a9020f127ae2
at sun.reflect.NativeConstructorAccessorImpl.newInstance0(Native Method)
at sun.reflect.NativeConstructorAccessorImpl.newInstance(Unknown Source)
at sun.reflect.DelegatingConstructorAccessorImpl.newInstance(Unknown Source)
at java.lang.reflect.Constructor.newInstance(Unknown Source)
at org.openqa.selenium.remote.http.W3CHttpResponseCodec.createException(W3CHttpResponseCodec.java:187)
at org.openqa.selenium.remote.http.W3CHttpResponseCodec.decode(W3CHttpResponseCodec.java:122)
at org.openqa.selenium.remote.http.W3CHttpResponseCodec.decode(W3CHttpResponseCodec.java:49)
at org.openqa.selenium.remote.HttpCommandExecutor.execute(HttpCommandExecutor.java:158)
at org.openqa.selenium.remote.service.DriverCommandExecutor.execute(DriverCommandExecutor.java:83)
at org.openqa.selenium.remote.RemoteWebDriver.execute(RemoteWebDriver.java:552)
at org.openqa.selenium.remote.RemoteWebElement.execute(RemoteWebElement.java:285)
at org.openqa.selenium.remote.RemoteWebElement.getText(RemoteWebElement.java:166)
at com.atmecs.pages.MenuTravel.validatePrice(MenuTravel.java:122)
at com.atmecs.scripts.HeatClinic.menuTravelTest(HeatClinic.java:46)
at sun.reflect.NativeMethodAccessorImpl.invoke0(Native Method)
at sun.reflect.NativeMethodAccessorImpl.invoke(Unknown Source)
at sun.reflect.DelegatingMethodAccessorImpl.invoke(Unknown Source)
at java.lang.reflect.Method.invoke(Unknown Source)
at org.testng.internal.MethodInvocationHelper.invokeMethod(MethodInvocationHelper.java:124)
at org.testng.internal.Invoker.invokeMethod(Invoker.java:583)
at org.testng.internal.Invoker.invokeTestMethod(Invoker.java:719)
at org.testng.internal.Invoker.invokeTestMethods(Invoker.java:989)
at org.testng.internal.TestMethodWorker.invokeTestMethods(TestMethodWorker.java:125)
at org.testng.internal.TestMethodWorker.run(TestMethodWorker.java:109)
at org.testng.TestRunner.privateRun(TestRunner.java:648)
at org.testng.TestRunner.run(TestRunner.java:505)
at org.testng.SuiteRunner.runTest(SuiteRunner.java:455)
at org.testng.SuiteRunner.runSequentially(SuiteRunner.java:450)
at org.testng.SuiteRunner.privateRun(SuiteRunner.java:415)
at org.testng.SuiteRunner.run(SuiteRunner.java:364)
at org.testng.SuiteRunnerWorker.runSuite(SuiteRunnerWorker.java:52)
at org.testng.SuiteRunnerWorker.run(SuiteRunnerWorker.java:84)
at org.testng.TestNG.runSuitesSequentially(TestNG.java:1208)
at org.testng.TestNG.runSuitesLocally(TestNG.java:1137)
at org.testng.TestNG.runSuites(TestNG.java:1049)
at org.testng.TestNG.run(TestNG.java:1017)
at org.testng.remote.AbstractRemoteTestNG.run(AbstractRemoteTestNG.java:115)
at org.testng.remote.RemoteTestNG.initAndRun(RemoteTestNG.java:251)
at org.testng.remote.RemoteTestNG.main(RemoteTestNG.java:77)
]]>
            </full-stacktrace>
          </exception> <!-- org.openqa.selenium.StaleElementReferenceException -->
          <reporter-output>
            <line>
              <![CDATA[Assertion for mensmarchandise done]]>
            </line>
            <line>
              <![CDATA[assertion passed product name]]>
            </line>
            <line>
              <![CDATA[Assertion passed for shirt size]]>
            </line>
            <line>
              <![CDATA[Assertion passed for nameInCart]]>
            </line>
            <line>
              <![CDATA[Assertion passed for shirtColour]]>
            </line>
            <line>
              <![CDATA[Assertion passed for updated price]]>
            </line>
            <line>
              <![CDATA[Assertion passed for updated price]]>
            </line>
          </reporter-output>
        </test-method> <!-- menuTravelTest -->
      </class> <!-- com.atmecs.scripts.HeatClinic -->
    </test> <!-- Default test -->
  </suite> <!-- Default suite -->
</testng-results>
